Sun Nov 15 22:06:21 EST 2015 : Apache Derby Network Server - 10.10.2.0 - (1582446) started and ready to accept connections on port 1527
----------------------------------------------------------------
Sun Nov 15 22:11:27 EST 2015:
Booting Derby version The Apache Software Foundation - Apache Derby - 10.10.2.0 - (1582446): instance a816c00e-0151-0e41-ec3e-fffffa54c4dc 
on database directory /Users/abrignano/Documents/school/CS416/HW3/HW3DB with class loader sun.misc.Launcher$AppClassLoader@5451c3a8 
Loaded from file:/Applications/NetBeans/glassfish-4.1/javadb/lib/derby.jar
java.vendor=Oracle Corporation
java.runtime.version=1.8.0_05-b13
user.dir=/Applications/NetBeans/glassfish-4.1/javadb
os.name=Mac OS X
os.arch=x86_64
os.version=10.10.5
derby.system.home=/Users/abrignano/Documents/school/CS416/HW3
Database Class Loader started - derby.database.classpath=''
----------------------------------------------------------------
Sun Nov 15 22:11:30 EST 2015:
Shutting down instance a816c00e-0151-0e41-ec3e-fffffa54c4dc on database directory /Users/abrignano/Documents/school/CS416/HW3/HW3DB with class loader sun.misc.Launcher$AppClassLoader@5451c3a8 
Sun Nov 15 22:11:30 EST 2015 Thread[DRDAConnThread_3,5,main] (DATABASE = HW3DB), (DRDAID = {2}), Database 'HW3DB' shutdown.
----------------------------------------------------------------
Sun Nov 15 22:12:05 EST 2015:
Booting Derby version The Apache Software Foundation - Apache Derby - 10.10.2.0 - (1582446): instance ed8940a7-0151-0e41-ec3e-fffffa54c4dc 
on database directory /Users/abrignano/Documents/school/CS416/HW3/HW3DB with class loader sun.misc.Launcher$AppClassLoader@5451c3a8 
Loaded from file:/Applications/NetBeans/glassfish-4.1/javadb/lib/derby.jar
java.vendor=Oracle Corporation
java.runtime.version=1.8.0_05-b13
user.dir=/Applications/NetBeans/glassfish-4.1/javadb
os.name=Mac OS X
os.arch=x86_64
os.version=10.10.5
derby.system.home=/Users/abrignano/Documents/school/CS416/HW3
Database Class Loader started - derby.database.classpath=''
